# JRE version: OpenJDK Runtime Environment (8.0_76-b03) (build 1.8.0_76-release-b03)
# Java VM: OpenJDK 64-Bit Server VM (25.76-b03 mixed mode windows-amd64 compressed oops)
Heap:
 PSYoungGen      total 444928K, used 308088K [0x00000000e0000000, 0x0000000100000000, 0x0000000100000000)
  eden space 410624K, 70% used [0x00000000e0000000,0x00000000f19b37a0,0x00000000f9100000)
  from space 34304K, 57% used [0x00000000f9100000,0x00000000fa42a878,0x00000000fb280000)
  to   space 33280K, 0% used [0x00000000fdf80000,0x00000000fdf80000,0x0000000100000000)
 ParOldGen       total 271872K, used 51418K [0x00000000a0000000, 0x00000000b0980000, 0x00000000e0000000)
  object space 271872K, 18% used [0x00000000a0000000,0x00000000a3236898,0x00000000b0980000)
 Metaspace       used 68981K, capacity 70890K, committed 71040K, reserved 1112064K
  class space    used 8835K, capacity 9327K, committed 9344K, reserved 1048576K
GC Heap History (10 events):
Event: 15.028 GC heap before
{Heap before GC invocations=8 (full 2):
 PSYoungGen      total 227328K, used 221376K [0x00000000e0000000, 0x00000000f5480000, 0x0000000100000000)
  eden space 205824K, 100% used [0x00000000e0000000,0x00000000ec900000,0x00000000ec900000)
  from space 21504K, 72% used [0x00000000ec900000,0x00000000ed8301f8,0x00000000ede00000)
  to   space 17920K, 0% used [0x00000000f4300000,0x00000000f4300000,0x00000000f5480000)
 ParOldGen       total 271872K, used 19212K [0x00000000a0000000, 0x00000000b0980000, 0x00000000e0000000)
  object space 271872K, 7% used [0x00000000a0000000,0x00000000a12c3178,0x00000000b0980000)
 Metaspace       used 51397K, capacity 52866K, committed 53120K, reserved 1095680K
  class space    used 6831K, capacity 7206K, committed 7296K, reserved 1048576K
Event: 15.043 GC heap after
Heap after GC invocations=8 (full 2):
 PSYoungGen      total 317952K, used 17894K [0x00000000e0000000, 0x00000000f5700000, 0x0000000100000000)
  eden space 300032K, 0% used [0x00000000e0000000,0x00000000e0000000,0x00000000f2500000)
  from space 17920K, 99% used [0x00000000f4300000,0x00000000f5479a48,0x00000000f5480000)
  to   space 25600K, 0% used [0x00000000f2500000,0x00000000f2500000,0x00000000f3e00000)
 ParOldGen       total 271872K, used 29136K [0x00000000a0000000, 0x00000000b0980000, 0x00000000e0000000)
  object space 271872K, 10% used [0x00000000a0000000,0x00000000a1c74290,0x00000000b0980000)
 Metaspace       used 51397K, capacity 52866K, committed 53120K, reserved 1095680K
  class space    used 6831K, capacity 7206K, committed 7296K, reserved 1048576K
}
Event: 22.751 GC heap before
{Heap before GC invocations=9 (full 2):
 PSYoungGen      total 317952K, used 317926K [0x00000000e0000000, 0x00000000f5700000, 0x0000000100000000)
  eden space 300032K, 100% used [0x00000000e0000000,0x00000000f2500000,0x00000000f2500000)
  from space 17920K, 99% used [0x00000000f4300000,0x00000000f5479a48,0x00000000f5480000)
  to   space 25600K, 0% used [0x00000000f2500000,0x00000000f2500000,0x00000000f3e00000)
 ParOldGen       total 271872K, used 29136K [0x00000000a0000000, 0x00000000b0980000, 0x00000000e0000000)
  object space 271872K, 10% used [0x00000000a0000000,0x00000000a1c74290,0x00000000b0980000)
 Metaspace       used 53230K, capacity 54712K, committed 55040K, reserved 1097728K
  class space    used 6974K, capacity 7381K, committed 7424K, reserved 1048576K
Event: 22.769 GC heap after
Heap after GC invocations=9 (full 2):
 PSYoungGen      total 325632K, used 25572K [0x00000000e0000000, 0x00000000fd400000, 0x0000000100000000)
  eden space 300032K, 0% used [0x00000000e0000000,0x00000000e0000000,0x00000000f2500000)
  from space 25600K, 99% used [0x00000000f2500000,0x00000000f3df91f0,0x00000000f3e00000)
  to   space 29696K, 0% used [0x00000000fb700000,0x00000000fb700000,0x00000000fd400000)
 ParOldGen       total 271872K, used 29640K [0x00000000a0000000, 0x00000000b0980000, 0x00000000e0000000)
  object space 271872K, 10% used [0x00000000a0000000,0x00000000a1cf2290,0x00000000b0980000)
 Metaspace       used 53230K, capacity 54712K, committed 55040K, reserved 1097728K
  class space    used 6974K, capacity 7381K, committed 7424K, reserved 1048576K
}
Event: 28.861 GC heap before
{Heap before GC invocations=10 (full 2):
 PSYoungGen      total 325632K, used 239562K [0x00000000e0000000, 0x00000000fd400000, 0x0000000100000000)
  eden space 300032K, 71% used [0x00000000e0000000,0x00000000ed0f9680,0x00000000f2500000)
  from space 25600K, 99% used [0x00000000f2500000,0x00000000f3df91f0,0x00000000f3e00000)
  to   space 29696K, 0% used [0x00000000fb700000,0x00000000fb700000,0x00000000fd400000)
 ParOldGen       total 271872K, used 29640K [0x00000000a0000000, 0x00000000b0980000, 0x00000000e0000000)
  object space 271872K, 10% used [0x00000000a0000000,0x00000000a1cf2290,0x00000000b0980000)
 Metaspace       used 57336K, capacity 59036K, committed 59136K, reserved 1099776K
  class space    used 7476K, capacity 7895K, committed 7936K, reserved 1048576K
Event: 28.879 GC heap after
Heap after GC invocations=10 (full 2):
 PSYoungGen      total 436224K, used 29695K [0x00000000e0000000, 0x00000000fd400000, 0x0000000100000000)
  eden space 406528K, 0% used [0x00000000e0000000,0x00000000e0000000,0x00000000f8d00000)
  from space 29696K, 99% used [0x00000000fb700000,0x00000000fd3ffff0,0x00000000fd400000)
  to   space 34304K, 0% used [0x00000000f9100000,0x00000000f9100000,0x00000000fb280000)
 ParOldGen       total 271872K, used 30378K [0x00000000a0000000, 0x00000000b0980000, 0x00000000e0000000)
  object space 271872K, 11% used [0x00000000a0000000,0x00000000a1daaa60,0x00000000b0980000)
 Metaspace       used 57336K, capacity 59036K, committed 59136K, reserved 1099776K
  class space    used 7476K, capacity 7895K, committed 7936K, reserved 1048576K
}
Event: 28.879 GC heap before
{Heap before GC invocations=11 (full 3):
 PSYoungGen      total 436224K, used 29695K [0x00000000e0000000, 0x00000000fd400000, 0x0000000100000000)
  eden space 406528K, 0% used [0x00000000e0000000,0x00000000e0000000,0x00000000f8d00000)
  from space 29696K, 99% used [0x00000000fb700000,0x00000000fd3ffff0,0x00000000fd400000)
  to   space 34304K, 0% used [0x00000000f9100000,0x00000000f9100000,0x00000000fb280000)
 ParOldGen       total 271872K, used 30378K [0x00000000a0000000, 0x00000000b0980000, 0x00000000e0000000)
  object space 271872K, 11% used [0x00000000a0000000,0x00000000a1daaa60,0x00000000b0980000)
 Metaspace       used 57336K, capacity 59036K, committed 59136K, reserved 1099776K
  class space    used 7476K, capacity 7895K, committed 7936K, reserved 1048576K
Event: 29.144 GC heap after
Heap after GC invocations=11 (full 3):
 PSYoungGen      total 436224K, used 0K [0x00000000e0000000, 0x00000000fd400000, 0x0000000100000000)
  eden space 406528K, 0% used [0x00000000e0000000,0x00000000e0000000,0x00000000f8d00000)
  from space 29696K, 0% used [0x00000000fb700000,0x00000000fb700000,0x00000000fd400000)
  to   space 34304K, 0% used [0x00000000f9100000,0x00000000f9100000,0x00000000fb280000)
 ParOldGen       total 271872K, used 51410K [0x00000000a0000000, 0x00000000b0980000, 0x00000000e0000000)
  object space 271872K, 18% used [0x00000000a0000000,0x00000000a3234898,0x00000000b0980000)
 Metaspace       used 57334K, capacity 59030K, committed 59136K, reserved 1099776K
  class space    used 7475K, capacity 7894K, committed 7936K, reserved 1048576K
}
Event: 30.574 GC heap before
{Heap before GC invocations=12 (full 3):
 PSYoungGen      total 436224K, used 406528K [0x00000000e0000000, 0x00000000fd400000, 0x0000000100000000)
  eden space 406528K, 100% used [0x00000000e0000000,0x00000000f8d00000,0x00000000f8d00000)
  from space 29696K, 0% used [0x00000000fb700000,0x00000000fb700000,0x00000000fd400000)
  to   space 34304K, 0% used [0x00000000f9100000,0x00000000f9100000,0x00000000fb280000)
 ParOldGen       total 271872K, used 51410K [0x00000000a0000000, 0x00000000b0980000, 0x00000000e0000000)
  object space 271872K, 18% used [0x00000000a0000000,0x00000000a3234898,0x00000000b0980000)
 Metaspace       used 61924K, capacity 63812K, committed 63872K, reserved 1103872K
  class space    used 8064K, capacity 8536K, committed 8576K, reserved 1048576K
Event: 30.587 GC heap after
Heap after GC invocations=12 (full 3):
 PSYoungGen      total 444928K, used 19626K [0x00000000e0000000, 0x0000000100000000, 0x0000000100000000)
  eden space 410624K, 0% used [0x00000000e0000000,0x00000000e0000000,0x00000000f9100000)
  from space 34304K, 57% used [0x00000000f9100000,0x00000000fa42a878,0x00000000fb280000)
  to   space 33280K, 0% used [0x00000000fdf80000,0x00000000fdf80000,0x0000000100000000)
 ParOldGen       total 271872K, used 51418K [0x00000000a0000000, 0x00000000b0980000, 0x00000000e0000000)
  object space 271872K, 18% used [0x00000000a0000000,0x00000000a3236898,0x00000000b0980000)
 Metaspace       used 61924K, capacity 63812K, committed 63872K, reserved 1103872K
  class space    used 8064K, capacity 8536K, committed 8576K, reserved 1048576K
}

